<?xml version="1.0" encoding="UTF-8" ?>
<testsuite errors="0" failures="0" hostname="Bhudda" name="build\resources\main" tests="4" time="0.828" timestamp="2021-10-21T17:11:37.5734094">
  <properties />
  <testcase classname="getAllPosts" name="getAllPosts" time="0.668" />
  <testcase classname="getPostUser" name="getPostUser" time="0.03" />
  <testcase classname="postNewBlogPost" name="postNewBlogPost" time="0.06" />
  <testcase classname="patchBlogPost" name="patchBlogPost" time="0.04" />
</testsuite>
