<?xml version="1.0" encoding="UTF-8" ?>
<testsuite errors="0" failures="0" hostname="Bhudda" name="build\resources\main" tests="4" time="0.927" timestamp="2021-10-07T10:57:54.1482635">
  <properties />
  <testcase classname="getAllPosts" name="getAllPosts" time="0.659" />
  <testcase classname="getPostUser" name="getPostUser" time="0.065" />
  <testcase classname="postNewBlogPost" name="postNewBlogPost" time="0.053" />
  <testcase classname="patchBlogPost" name="patchBlogPost" time="0.042" />
</testsuite>
